BST Insert 0.000014 seconds
BST Print(In_order) 0.000024 seconds
BST Remove 0.000013 seconds
BST Print(In_order) 0.000015 seconds
BST Insert 0.000014 seconds
BST Rebalance 0.000168 seconds
BST Print(In_order) 0.000018 seconds
BST Draw 0.000050 seconds
BST Rebalance 0.000022 seconds
BST Draw 0.000079 seconds
BST Draw 0.000090 seconds
BST Draw 0.000035 seconds
BST Remove 0.000015 seconds
BST Draw 0.000048 seconds
BST Rebalance 0.000014 seconds
AVL Insert 0.000003 seconds
AVL Draw 0.000036 seconds
AVL Insert 0.000036 seconds
AVL Draw 0.000046 seconds
AVL Remove 0.000151 seconds
AVL Draw 0.000049 seconds
AVL Remove 0.000011 seconds
AVL Print(In_order) 0.000017 seconds
AVL Draw 0.000042 seconds
AVL Remove 0.000018 seconds
AVL Draw 0.000043 seconds
BST Insert 0.000018 seconds
BST Rebalance 0.000034 seconds
BST Draw 0.000050 seconds
BST Insert 0.000019 seconds
BST Draw 0.000041 seconds
BST Insert 0.000014 seconds
BST Print(In_order) 0.000016 seconds
BST Insert 0.000014 seconds
BST Print(In_order) 0.000017 seconds
BST Draw 0.000068 seconds
BST Delete All 0.000013 seconds
BST Print(In_order) 0.000009 seconds
BST Insert 0.000012 seconds
BST FindMinMax 0.000042 seconds
BST Rebalance 0.000032 seconds
BST Insert 0.000015 seconds
BST Insert 0.000012 seconds
BST Insert 0.000015 seconds
BST Rebalance 0.000024 seconds
BST Insert 0.000015 seconds
BST Print(In_order) 0.000019 seconds
BST Insert 0.000011 seconds
BST Insert 0.000015 seconds
BST Rebalance 0.000021 seconds
BST Rebalance 0.000020 seconds
BST Draw 0.000042 seconds
BST Insert 0.000014 seconds
BST Rebalance 0.000027 seconds
BST Insert 0.000011 seconds
BST Rebalance 0.000030 seconds
BST Print(In_order) 0.000018 seconds
